[=== Module python/3.10 loaded ===]

======== GPU REPORT ========

==============NVSMI LOG==============

Timestamp                                 : Sat Aug 12 21:08:40 2023
Driver Version                            : 515.65.01
CUDA Version                              : 11.7

Attached GPUs                             : 1
GPU 00000000:C3:00.0
    Accounting Mode                       : Enabled
    Accounting Mode Buffer Size           : 4000
    Accounted Processes                   : None

Sat Aug 12 21:08:40 2023       
+-----------------------------------------------------------------------------+
| NVIDIA-SMI 515.65.01    Driver Version: 515.65.01    CUDA Version: 11.7     |
|-------------------------------+----------------------+----------------------+
| GPU  Name        Persistence-M| Bus-Id        Disp.A | Volatile Uncorr. ECC |
| Fan  Temp  Perf  Pwr:Usage/Cap|         Memory-Usage | GPU-Util  Compute M. |
|                               |                      |               MIG M. |
|===============================+======================+======================|
|   0  Quadro RTX 8000     On   | 00000000:C3:00.0 Off |                  Off |
| 33%   25C    P8    26W / 260W |      1MiB / 49152MiB |      0%      Default |
|                               |                      |                  N/A |
+-------------------------------+----------------------+----------------------+
                                                                               
+-----------------------------------------------------------------------------+
| Processes:                                                                  |
|  GPU   GI   CI        PID   Type   Process name                  GPU Memory |
|        ID   ID                                                   Usage      |
|=============================================================================|
|  No running processes found                                                 |
+-----------------------------------------------------------------------------+
IP Head: 172.16.8.96:6378
Starting HEAD at cn-c002
2023-08-12 21:08:44,042	INFO usage_lib.py:407 -- Usage stats collection is enabled by default without user confirmation because this terminal is detected to be non-interactive. To disable this, add `--disable-usage-stats` to the command that starts the cluster, or run the following command: `ray disable-usage-stats` before starting the cluster. See https://docs.ray.io/en/master/cluster/usage-stats.html for more details.
2023-08-12 21:08:44,042	INFO scripts.py:722 -- [37mLocal node IP[39m: [1m172.16.8.96[22m
2023-08-12 21:08:56,274	SUCC scripts.py:759 -- [32m--------------------[39m
2023-08-12 21:08:56,274	SUCC scripts.py:760 -- [32mRay runtime started.[39m
2023-08-12 21:08:56,275	SUCC scripts.py:761 -- [32m--------------------[39m
2023-08-12 21:08:56,275	INFO scripts.py:763 -- [36mNext steps[39m
2023-08-12 21:08:56,275	INFO scripts.py:766 -- To add another node to this Ray cluster, run
2023-08-12 21:08:56,275	INFO scripts.py:769 -- [1m  ray start --address='172.16.8.96:6378'[22m
2023-08-12 21:08:56,275	INFO scripts.py:778 -- To connect to this Ray cluster:
2023-08-12 21:08:56,276	INFO scripts.py:780 -- [35mimport[39m[26m ray
2023-08-12 21:08:56,276	INFO scripts.py:781 -- ray[35m.[39m[26minit(_node_ip_address[35m=[39m[26m[33m'172.16.8.96'[39m[26m)
2023-08-12 21:08:56,276	INFO scripts.py:793 -- To submit a Ray job using the Ray Jobs CLI:
2023-08-12 21:08:56,276	INFO scripts.py:794 -- [1m  RAY_ADDRESS='http://127.0.0.1:8265' ray job submit --working-dir . -- python my_script.py[22m
2023-08-12 21:08:56,276	INFO scripts.py:803 -- See https://docs.ray.io/en/latest/cluster/running-applications/job-submission/index.html 
2023-08-12 21:08:56,276	INFO scripts.py:807 -- for more information on submitting Ray jobs to the Ray cluster.
2023-08-12 21:08:56,277	INFO scripts.py:812 -- To terminate the Ray runtime, run
2023-08-12 21:08:56,277	INFO scripts.py:813 -- [1m  ray stop[22m
2023-08-12 21:08:56,277	INFO scripts.py:816 -- To view the status of the cluster, use
2023-08-12 21:08:56,277	INFO scripts.py:817 --   [1mray status[22m[26m
2023-08-12 21:08:56,277	INFO scripts.py:821 -- To monitor and debug Ray, view the dashboard at 
2023-08-12 21:08:56,277	INFO scripts.py:822 --   [1m127.0.0.1:8265[22m[26m
2023-08-12 21:08:56,277	INFO scripts.py:829 -- [4mIf connection to the dashboard fails, check your firewall settings and network configuration.[24m
2023-08-12 21:08:56,279	INFO scripts.py:929 -- [36m[1m--block[22m[39m
2023-08-12 21:08:56,279	INFO scripts.py:930 -- This command will now block forever until terminated by a signal.
2023-08-12 21:08:56,279	INFO scripts.py:933 -- Running subprocesses are monitored and a message will be printed if any of them terminate unexpectedly. Subprocesses exit with SIGTERM will be treated as graceful, thus NOT reported.
/home/mila/a/anja.surina/venvs/gflownet/lib/python3.9/site-packages/ray/air/config.py:803: UserWarning: Setting a `RunConfig.local_dir` is deprecated and will be removed in the future. If you are not using remote storage,set the `RunConfig.storage_path` instead. Otherwise, set the`RAY_AIR_LOCAL_CACHE_DIR` environment variable to control the local cache location.
  warnings.warn(
2023-08-12 21:09:03,660	INFO worker.py:1431 -- Connecting to existing Ray cluster at address: 172.16.8.96:6378...
2023-08-12 21:09:03,670	INFO worker.py:1612 -- Connected to Ray cluster. View the dashboard at [1m[32m127.0.0.1:8265 [39m[22m
2023-08-12 21:09:04,919	INFO tune.py:226 -- Initializing Ray automatically. For cluster usage or custom Ray initialization, call `ray.init(...)` before `Tuner(...)`.
2023-08-12 21:09:04,921	INFO tune.py:666 -- [output] This will use the new output engine with verbosity 2. To disable the new output and use the legacy output engine, set the environment variable RAY_AIR_NEW_OUTPUT=0. For more information, please see https://github.com/ray-project/ray/issues/36949
