2023-08-17 05:51:11,057	INFO worker.py:1612 -- Started a local Ray instance. View the dashboard at [1m[32m127.0.0.1:8265 [39m[22m
/home/mila/a/anja.surina/venvs/gflownet/lib/python3.9/site-packages/ray/air/config.py:803: UserWarning: Setting a `RunConfig.local_dir` is deprecated and will be removed in the future. If you are not using remote storage,set the `RunConfig.storage_path` instead. Otherwise, set the`RAY_AIR_LOCAL_CACHE_DIR` environment variable to control the local cache location.
  warnings.warn(
2023-08-17 05:51:18,428	INFO tune.py:666 -- [output] This will use the new output engine with verbosity 1. To disable the new output and use the legacy output engine, set the environment variable RAY_AIR_NEW_OUTPUT=0. For more information, please see https://github.com/ray-project/ray/issues/36949
2023-08-17 05:52:21,285	WARNING insufficient_resources_manager.py:163 -- Ignore this message if the cluster is autoscaling. No trial is running and no new trial has been started within the last 60 seconds. This could be due to the cluster not having enough resources available. You asked for 6.0 CPUs and 6.0 GPUs per trial, but the cluster only has 6.0 CPUs and 1.0 GPUs available. Stop the tuning and adjust the required resources (e.g. via the `ScalingConfig` or `resources_per_trial`, or `num_workers` for rllib), or add more resources to your cluster.
slurmstepd: error: *** JOB 3501960 ON cn-c011 CANCELLED AT 2023-08-17T05:53:18 ***

======== GPU REPORT ========

==============NVSMI LOG==============

Timestamp                                 : Thu Aug 17 05:53:18 2023
Driver Version                            : 515.65.01
CUDA Version                              : 11.7

Attached GPUs                             : 1
GPU 00000000:A3:00.0
    Accounting Mode                       : Enabled
    Accounting Mode Buffer Size           : 4000
    Accounted Processes                   : None

Thu Aug 17 05:53:18 2023       
+-----------------------------------------------------------------------------+
| NVIDIA-SMI 515.65.01    Driver Version: 515.65.01    CUDA Version: 11.7     |
|-------------------------------+----------------------+----------------------+
| GPU  Name        Persistence-M| Bus-Id        Disp.A | Volatile Uncorr. ECC |
| Fan  Temp  Perf  Pwr:Usage/Cap|         Memory-Usage | GPU-Util  Compute M. |
|                               |                      |               MIG M. |
|===============================+======================+======================|
|   0  Quadro RTX 8000     On   | 00000000:A3:00.0 Off |                  Off |
| 33%   25C    P8    31W / 260W |      3MiB / 49152MiB |      0%      Default |
|                               |                      |                  N/A |
+-------------------------------+----------------------+----------------------+
                                                                               
+-----------------------------------------------------------------------------+
| Processes:                                                                  |
|  GPU   GI   CI        PID   Type   Process name                  GPU Memory |
|        ID   ID                                                   Usage      |
|=============================================================================|
|  No running processes found                                                 |
+-----------------------------------------------------------------------------+
